<?xml version="1.0" encoding="UTF-8"?>
<Site BuildName="Linux-clang++"
	BuildStamp="20240517-1755-Experimental"
	Name="Debian-Desktop"
	Generator="ctest-3.29.3"
	CompilerName="/usr/bin/clang++"
	CompilerVersion="16.0.6"
	OSName="Linux"
	Hostname="Debian-Desktop"
	OSRelease="6.9.0-x86-64v3-clang-xanmod1-rt5"
	OSVersion="#1 SMP PREEMPT_RT Thu May 16 03:11:17 UTC 2024"
	OSPlatform="x86_64"
	Is64Bits="1"
	VendorString="AuthenticAMD"
	VendorID="Advanced Micro Devices"
	FamilyID="25"
	ModelID="33"
	ProcessorCacheSize="512"
	NumberOfLogicalCPU="16"
	NumberOfPhysicalCPU="8"
	TotalVirtualMemory="32767"
	TotalPhysicalMemory="32008"
	LogicalProcessorsPerPhysical="2"
	ProcessorClockFrequency="3818.13"
	>
	<Testing>
		<StartDateTime>May 17 19:15 GMT</StartDateTime>
		<StartTestTime>1715973322</StartTestTime>
		<TestList/>
		<EndDateTime>May 17 19:15 GMT</EndDateTime>
		<EndTestTime>1715973322</EndTestTime>
		<ElapsedMinutes>0</ElapsedMinutes>
	</Testing>
</Site>
